0 info it worked if it ends with ok
1 verbose cli [ '/usr/bin/node', '/usr/bin/npm', 'run', 'dev' ]
2 info using npm@3.5.2
3 info using node@v8.10.0
4 verbose run-script [ 'predev', 'dev', 'postdev' ]
5 info lifecycle selfimprovementwebapplication@1.0.0~predev: selfimprovementwebapplication@1.0.0
6 silly lifecycle selfimprovementwebapplication@1.0.0~predev: no script for predev, continuing
7 info lifecycle selfimprovementwebapplication@1.0.0~dev: selfimprovementwebapplication@1.0.0
8 verbose lifecycle selfimprovementwebapplication@1.0.0~dev: unsafe-perm in lifecycle true
9 verbose lifecycle selfimprovementwebapplication@1.0.0~dev: PATH: /usr/share/npm/bin/node-gyp-bin:/mnt/c/Users/vikke/Documents/GitHub/SelfImprovementWebApplication/node_modules/.bin:/usr/local/sbin:/usr/local/bin:/usr/sbin:/usr/bin:/sbin:/bin:/usr/games:/usr/local/games:/mnt/c/Program Files/AdoptOpenJDK/jdk-8.0.242.08-hotspot/bin:/mnt/c/Program Files (x86)/Microsoft SDKs/Azure/CLI2/wbin:/mnt/c/Program Files (x86)/Common Files/Oracle/Java/javapath:/mnt/c/WINDOWS/system32:/mnt/c/WINDOWS:/mnt/c/WINDOWS/System32/Wbem:/mnt/c/WINDOWS/System32/WindowsPowerShell/v1.0/:/mnt/c/Program Files/Microsoft SQL Server/130/Tools/Binn/:/mnt/c/WINDOWS/System32/OpenSSH/:/"C:/Cygwin/bin:/mnt/c/Cygwin/usr/bin":/mnt/c/Program Files (x86)/NVIDIA Corporation/PhysX/Common:/mnt/c/Program Files/Git/cmd:/mnt/c/geckodriver:/mnt/c/Program Files/MySQL/MySQL Server 8.0/bin:/mnt/c/WINDOWS/system32:/mnt/c/WINDOWS:/mnt/c/WINDOWS/System32/Wbem:/mnt/c/WINDOWS/System32/WindowsPowerShell/v1.0/:/mnt/c/WINDOWS/System32/OpenSSH/:/mnt/c/Program Files/MATLAB/R2019b/bin:/mnt/c/Program Files (x86)/Microsoft SQL Server/150/DTS/Binn/:/mnt/c/Program Files/PowerShell/6/:/mnt/c/Program Files/nodejs/:/mnt/c/Program Files/dotnet/:/mnt/c/Program Files (x86)/Yarn/bin/:/mnt/c/Users/vikke/AppData/Local/Microsoft/WindowsApps:/mnt/c/Users/vikke/AppData/Local/atom/bin:/mnt/c/Users/vikke/AppData/Local/GitHubDesktop/bin:/mnt/c/Users/vikke/AppData/Local/Microsoft/WindowsApps:/mnt/c/Program Files/Java/jre1.8.0_181/bin:/mnt/c/Users/vikke/AppData/Local/Programs/Microsoft VS Code/bin:/mnt/c/geckodriver:/mnt/c/Program Files/MySQL/MySQL Server 8.0/bin:/mnt/c/Users/vikke/AppData/Local/Programs/Python/Python37:/mnt/c/Program Files/Docker Toolbox:/mnt/c/Users/vikke/AppData/Local/Programs/Python/Python37/Scripts:/mnt/c/Users/vikke/AppData/Roaming/npm:/mnt/c/Program Files/heroku/bin:/mnt/c/Users/vikke/AppData/Local/Yarn/bin:/mnt/c/Users/vikke/.dotnet/tools:/snap/bin
10 verbose lifecycle selfimprovementwebapplication@1.0.0~dev: CWD: /mnt/c/Users/vikke/Documents/GitHub/SelfImprovementWebApplication
11 silly lifecycle selfimprovementwebapplication@1.0.0~dev: Args: [ '-c',
11 silly lifecycle   'SET NODE_ENV=dev&& concurrently "npm run server" "npm run client"' ]
12 info lifecycle selfimprovementwebapplication@1.0.0~dev: Failed to exec dev script
13 verbose stack Error: selfimprovementwebapplication@1.0.0 dev: `SET NODE_ENV=dev&& concurrently "npm run server" "npm run client"`
13 verbose stack spawn ENOENT
13 verbose stack     at ChildProcess.<anonymous> (/usr/share/npm/lib/utils/spawn.js:17:16)
13 verbose stack     at emitTwo (events.js:126:13)
13 verbose stack     at ChildProcess.emit (events.js:214:7)
13 verbose stack     at maybeClose (internal/child_process.js:925:16)
13 verbose stack     at Process.ChildProcess._handle.onexit (internal/child_process.js:209:5)
14 verbose pkgid selfimprovementwebapplication@1.0.0
15 verbose cwd /mnt/c/Users/vikke/Documents/GitHub/SelfImprovementWebApplication
16 error Linux 4.4.0-18362-Microsoft
17 error argv "/usr/bin/node" "/usr/bin/npm" "run" "dev"
18 error node v8.10.0
19 error npm  v3.5.2
20 error file sh
21 error code ELIFECYCLE
22 error errno ENOENT
23 error syscall spawn
24 error selfimprovementwebapplication@1.0.0 dev: `SET NODE_ENV=dev&& concurrently "npm run server" "npm run client"`
24 error spawn ENOENT
25 error Failed at the selfimprovementwebapplication@1.0.0 dev script 'SET NODE_ENV=dev&& concurrently "npm run server" "npm run client"'.
25 error Make sure you have the latest version of node.js and npm installed.
25 error If you do, this is most likely a problem with the selfimprovementwebapplication package,
25 error not with npm itself.
25 error Tell the author that this fails on your system:
25 error     SET NODE_ENV=dev&& concurrently "npm run server" "npm run client"
25 error You can get information on how to open an issue for this project with:
25 error     npm bugs selfimprovementwebapplication
25 error Or if that isn't available, you can get their info via:
25 error     npm owner ls selfimprovementwebapplication
25 error There is likely additional logging output above.
26 verbose exit [ 1, true ]
